<persistence xmlns="http://java.sun.com/xml/ns/persistence" version="1.0">

  <persistence-unit name="default">
    <provider>org.hibernate.ejb.HibernatePersistence</provider>
    <class>se.vgregion.portal.core.domain.patterns.entity.MockEntity</class>
  </persistence-unit>

</persistence>
